<?xml version="1.0" encoding="UTF-8"?>
<!-- Generated by org.testng.reporters.JUnitReportReporter -->
<testsuite hostname="DESKTOP-2NUAO77" name="API.TC_001" tests="1" failures="0" timestamp="16 Aug 2021 04:47:30 GMT" time="5.850" errors="0">
  <testcase name="getweatherDetails" time="5.850" classname="API.TC_001"/>
</testsuite> <!-- API.TC_001 -->
