<?xml version="1.0" encoding="UTF-8"?>
<!-- Generated by org.testng.reporters.JUnitReportReporter -->
<testsuite hostname="DESKTOP-2NUAO77" name="API.GetTC_001" tests="1" failures="0" timestamp="16 Aug 2021 05:04:22 GMT" time="5.762" errors="0">
  <testcase name="getweatherDetails" time="5.762" classname="API.GetTC_001"/>
</testsuite> <!-- API.GetTC_001 -->
