<?xml version="1.0" encoding="UTF-8"?>
<!-- Generated by org.testng.reporters.JUnitReportReporter -->
<testsuite hostname="DESKTOP-2NUAO77" name="API.GetTC_002" tests="1" failures="0" timestamp="16 Aug 2021 05:33:50 GMT" time="5.289" errors="0">
  <testcase name="getweatherDetails" time="5.289" classname="API.GetTC_002"/>
</testsuite> <!-- API.GetTC_002 -->
